         Stopping Session 2 of user vagrant.
[[0;32m  OK  [0m] Stopped target Graphical Interface.
         Stopping Session 6 of user vagrant.
[[0;32m  OK  [0m] Closed Load/Save RF Kill Switch Status /dev/rfkill Watch.
[[0;32m  OK  [0m] Stopped target Timers.
[[0;32m  OK  [0m] Stopped Daily apt upgrade and clean activities.
[[0;32m  OK  [0m] Stopped Daily Cleanup of Temporary Directories.
         Stopping Authenticate and Authorize Users to Run Privileged Tasks...
[[0;32m  OK  [0m] Stopped target Cloud-init target.
[[0;32m  OK  [0m] Stopped Execute cloud user/final scripts.
[[0;32m  OK  [0m] Stopped target Multi-User System.
         Stopping LSB: automatic crash report generation...
         Stopping Unattended Upgrades Shutdown...
         Stopping LSB: MD monitoring daemon...
         Stopping Virtualbox guest utils...
         Stopping LSB: Set the CPU Frequency Scaling governor to "ondemand"...
         Stopping FUSE filesystem for LXC...
         Stopping LSB: daemon to balance interrupts for SMP systems...
[[0;32m  OK  [0m] Stopped Apply the settings specified in cloud-config.
[[0;32m  OK  [0m] Stopped target Cloud-config availability.
         Stopping Deferred execution scheduler...
[[0;32m  OK  [0m] Stopped Wait until snapd is fully seeded.
         Stopping Accounts Service...
         Stopping LSB: Record successful boot for GRUB...
         Stopping Regular background program processing daemon...
         Stopping User Manager for UID 1000...
         Stopping System Logging Service...
         Stopping OpenBSD Secure Shell server...
         Stopping ACPI event daemon...
         Stopping LXD - container startup/shutdown...
[[0;32m  OK  [0m] Stopped target Login Prompts.
         Stopping Getty on tty6...
         Stopping Getty on tty3...
         Stopping Getty on tty5...
         Stopping Getty on tty2...
         Stopping Getty on tty4...
         Stopping Serial Getty on ttyS0...
[[0;32m  OK  [0m] Stopped Daily apt download activities.
[[0;32m  OK  [0m] Stopped target System Time Synchronized.
         Stopping D-Bus System Message Bus...
         Stopping Getty on tty1...
[[0;32m  OK  [0m] Unmounted /var/lib/lxcfs.
[[0;32m  OK  [0m] Stopped System Logging Service.
[[0;32m  OK  [0m] Stopped Regular background program processing daemon.
[[0;32m  OK  [0m] Stopped Deferred execution scheduler.
[[0;32m  OK  [0m] Stopped Accounts Service.
[[0;32m  OK  [0m] Stopped OpenBSD Secure Shell server.
[[0;32m  OK  [0m] Stopped Authenticate and Authorize Users to Run Privileged Tasks.
[[0;32m  OK  [0m] Stopped Unattended Upgrades Shutdown.
[[0;32m  OK  [0m] Stopped Serial Getty on ttyS0.
[[0;32m  OK  [0m] Stopped Getty on tty2.
[[0;32m  OK  [0m] Stopped ACPI event daemon.
[[0;32m  OK  [0m] Stopped Getty on tty3.
[[0;32m  OK  [0m] Stopped Getty on tty4.
[[0;32m  OK  [0m] Stopped Getty on tty5.
[[0;32m  OK  [0m] Stopped Getty on tty6.
[[0;32m  OK  [0m] Stopped Getty on tty1.
[[0;32m  OK  [0m] Stopped User Manager for UID 1000.
[[0;32m  OK  [0m] Stopped Session 6 of user vagrant.
[[0;32m  OK  [0m] Stopped Session 2 of user vagrant.
[[0;32m  OK  [0m] Stopped D-Bus System Message Bus.
[[0;32m  OK  [0m] Stopped FUSE filesystem for LXC.
[[0;32m  OK  [0m] Stopped LXD - container startup/shutdown.
[[0;32m  OK  [0m] Stopped LSB: Record successful boot for GRUB.
[[0;32m  OK  [0m] Stopped LSB: daemon to balance interrupts for SMP systems.
[[0;32m  OK  [0m] Stopped LSB: automatic crash report generation.
[[0;32m  OK  [0m] Stopped Virtualbox guest utils.
[[0;32m  OK  [0m] Stopped LSB: Set the CPU Frequency Scaling governor to "ondemand".
[[0;32m  OK  [0m] Stopped LSB: MD monitoring daemon.
[[0;32m  OK  [0m] Removed slice User Slice of vagrant.
[[0;32m  OK  [0m] Removed slice system-getty.slice.
[[0;32m  OK  [0m] Stopped /etc/rc.local Compatibility.
[[0;32m  OK  [0m] Removed slice system-serial\x2dgetty.slice.
         Stopping Permit User Sessions...
         Stopping Login Service...
[[0;32m  OK  [0m] Stopped Permit User Sessions.
[[0;32m  OK  [0m] Stopped target Remote File Systems.
[[0;32m  OK  [0m] Stopped target Remote File Systems (Pre).
         Stopping Login to default iSCSI targets...
[[0;32m  OK  [0m] Stopped Login Service.
[[0;32m  OK  [0m] Stopped Login to default iSCSI targets.
         Stopping iSCSI initiator daemon (iscsid)...
[[0;32m  OK  [0m] Stopped target Basic System.
[[0;32m  OK  [0m] Stopped target Paths.
[[0;32m  OK  [0m] Stopped Dispatch Password Requests to Console Directory Watch.
[[0;32m  OK  [0m] Stopped Forward Password Requests to Wall Directory Watch.
[[0;32m  OK  [0m] Stopped ACPI Events Check.
[[0;32m  OK  [0m] Stopped target Sockets.
[[0;32m  OK  [0m] Closed Syslog Socket.
[[0;32m  OK  [0m] Closed UUID daemon activation socket.
[[0;32m  OK  [0m] Closed LXD - unix socket.
[[0;32m  OK  [0m] Closed ACPID Listen Socket.
[[0;32m  OK  [0m] Closed Socket activation for snappy daemon.
[[0;32m  OK  [0m] Closed D-Bus System Message Bus Socket.
[[0;32m  OK  [0m] Stopped target System Initialization.
[[0;32m  OK  [0m] Stopped target Swap.
         Stopping Load/Save Random Seed...
[[0;32m  OK  [0m] Stopped target Encrypted Volumes.
[[0;32m  OK  [0m] Stopped Create Volatile Files and Directories.
[[0;32m  OK  [0m] Stopped target Slices.
[[0;32m  OK  [0m] Removed slice User and Session Slice.
[[0;32m  OK  [0m] Stopped target User and Group Name Lookups.
[[0;32m  OK  [0m] Stopped iSCSI initiator daemon (iscsid).
[[0;32m  OK  [0m] Stopped Load/Save Random Seed.
[[0;32m  OK  [0m] Stopped target Network is Online.
[[0;32m  OK  [0m] Stopped Initial cloud-init job (metadata service crawler).
[[0;32m  OK  [0m] Stopped target Network.
         Stopping Raise network interfaces...
[[0;32m  OK  [0m] Stopped Raise network interfaces.
[[0;32m  OK  [0m] Stopped Apply Kernel Variables.
[[0;32m  OK  [0m] Stopped Load Kernel Modules.
[[0;32m  OK  [0m] Stopped target Network (Pre).
[[0;32m  OK  [0m] Stopped Initial cloud-init job (pre-networking).
[[0;32m  OK  [0m] Stopped target Local File Systems.
         Unmounting /run/user/1000...
[[0;32m  OK  [0m] Unmounted /run/user/1000.
[[0;32m  OK  [0m] Reached target Unmount All Filesystems.
[[0;32m  OK  [0m] Stopped target Local File Systems (Pre).
[[0;32m  OK  [0m] Stopped Create Static Device Nodes in /dev.
[[0;32m  OK  [0m] Stopped Remount Root and Kernel File Systems.
[[0;32m  OK  [0m] Reached target Shutdown.
[14179.763306] reboot: Restarting system
[    0.000000] Initializing cgroup subsys cpuset
[    0.000000] Initializing cgroup subsys cpu
[    0.000000] Initializing cgroup subsys cpuacct
[    0.000000] Linux version 4.4.0-157-generic (buildd@lgw01-amd64-037) (gcc version 5.4.0 20160609 (Ubuntu 5.4.0-6ubuntu1~16.04.10) ) #185-Ubuntu SMP Tue Jul 23 09:17:01 UTC 2019 (Ubuntu 4.4.0-157.185-generic 4.4.181)
[    0.000000] Command line: BOOT_IMAGE=/boot/vmlinuz-4.4.0-157-generic root=UUID=803a7da5-aa4e-4ca7-bfc1-40681fb9875c ro console=tty1 console=ttyS0
[    0.000000] KERNEL supported cpus:
[    0.000000]   Intel GenuineIntel
[    0.000000]   AMD AuthenticAMD
[    0.000000]   Centaur CentaurHauls
[    0.000000] x86/fpu: xstate_offset[2]:  576, xstate_sizes[2]:  256
[    0.000000] x86/fpu: Supporting XSAVE feature 0x01: 'x87 floating point registers'
[    0.000000] x86/fpu: Supporting XSAVE feature 0x02: 'SSE registers'
[    0.000000] x86/fpu: Supporting XSAVE feature 0x04: 'AVX registers'
[    0.000000] x86/fpu: Enabled xstate features 0x7, context size is 832 bytes, using 'standard' format.
[    0.000000] e820: BIOS-provided physical RAM map:
[    0.000000] BIOS-e820: [mem 0x0000000000000000-0x000000000009fbff] usable
[    0.000000] BIOS-e820: [mem 0x000000000009fc00-0x000000000009ffff] reserved
[    0.000000] BIOS-e820: [mem 0x00000000000f0000-0x00000000000fffff] reserved
[    0.000000] BIOS-e820: [mem 0x0000000000100000-0x000000007ffeffff] usable
[    0.000000] BIOS-e820: [mem 0x000000007fff0000-0x000000007fffffff] ACPI data
[    0.000000] BIOS-e820: [mem 0x00000000fec00000-0x00000000fec00fff] reserved
[    0.000000] BIOS-e820: [mem 0x00000000fee00000-0x00000000fee00fff] reserved
[    0.000000] BIOS-e820: [mem 0x00000000fffc0000-0x00000000ffffffff] reserved
[    0.000000] NX (Execute Disable) protection: active
[    0.000000] SMBIOS 2.5 present.
[    0.000000] Hypervisor detected: KVM
[    0.000000] e820: last_pfn = 0x7fff0 max_arch_pfn = 0x400000000
[    0.000000] MTRR: Disabled
[    0.000000] x86/PAT: MTRRs disabled, skipping PAT initialization too.
[    0.000000] CPU MTRRs all blank - virtualized system.
[    0.000000] x86/PAT: Configuration [0-7]: WB  WT  UC- UC  WB  WT  UC- UC  
[    0.000000] Scanning 1 areas for low memory corruption
[    0.000000] RAMDISK: [mem 0x361e8000-0x370ebfff]
[    0.000000] ACPI: Early table checksum verification disabled
[    0.000000] ACPI: RSDP 0x00000000000E0000 000024 (v02 VBOX  )
[    0.000000] ACPI: XSDT 0x000000007FFF0030 00003C (v01 VBOX   VBOXXSDT 00000001 ASL  00000061)
[    0.000000] ACPI: FACP 0x000000007FFF00F0 0000F4 (v04 VBOX   VBOXFACP 00000001 ASL  00000061)
[    0.000000] ACPI: DSDT 0x000000007FFF0470 0022EA (v02 VBOX   VBOXBIOS 00000002 INTL 20100528)
[    0.000000] ACPI: FACS 0x000000007FFF0200 000040
[    0.000000] ACPI: FACS 0x000000007FFF0200 000040
[    0.000000] ACPI: APIC 0x000000007FFF0240 00005C (v02 VBOX   VBOXAPIC 00000001 ASL  00000061)
[    0.000000] ACPI: SSDT 0x000000007FFF02A0 0001CC (v01 VBOX   VBOXCPUT 00000002 INTL 20100528)
[    0.000000] No NUMA configuration found
[    0.000000] Faking a node at [mem 0x0000000000000000-0x000000007ffeffff]
[    0.000000] NODE_DATA(0) allocated [mem 0x7ffeb000-0x7ffeffff]
[    0.000000] kvm-clock: Using msrs 4b564d01 and 4b564d00
[    0.000000] kvm-clock: cpu 0, msr 0:7ffe3001, primary cpu clock
[    0.000000] kvm-clock: using sched offset of 14188862900832 cycles
[    0.000000] clocksource: kvm-clock: mask: 0xffffffffffffffff max_cycles: 0x1cd42e4dffb, max_idle_ns: 881590591483 ns
[    0.000000] Zone ranges:
[    0.000000]   DMA      [mem 0x0000000000001000-0x0000000000ffffff]
[    0.000000]   DMA32    [mem 0x0000000001000000-0x000000007ffeffff]
[    0.000000]   Normal   empty
[    0.000000]   Device   empty
[    0.000000] Movable zone start for each node
[    0.000000] Early memory node ranges
[    0.000000]   node   0: [mem 0x0000000000001000-0x000000000009efff]
[    0.000000]   node   0: [mem 0x0000000000100000-0x000000007ffeffff]
[    0.000000] Initmem setup node 0 [mem 0x0000000000001000-0x000000007ffeffff]
[    0.000000] ACPI: PM-Timer IO Port: 0x4008
[    0.000000] IOAPIC[0]: apic_id 2, version 32, address 0xfec00000, GSI 0-23
[    0.000000] ACPI: INT_SRC_OVR (bus 0 bus_irq 0 global_irq 2 dfl dfl)
[    0.000000] ACPI: INT_SRC_OVR (bus 0 bus_irq 9 global_irq 9 low level)
[    0.000000] Using ACPI (MADT) for SMP configuration information
[    0.000000] smpboot: Allowing 2 CPUs, 0 hotplug CPUs
[    0.000000] PM: Registered nosave memory: [mem 0x00000000-0x00000fff]
[    0.000000] PM: Registered nosave memory: [mem 0x0009f000-0x0009ffff]
[    0.000000] PM: Registered nosave memory: [mem 0x000a0000-0x000effff]
[    0.000000] PM: Registered nosave memory: [mem 0x000f0000-0x000fffff]
[    0.000000] e820: [mem 0x80000000-0xfebfffff] available for PCI devices
[    0.000000] Booting paravirtualized kernel on KVM
[    0.000000] clocksource: refined-jiffies: mask: 0xffffffff max_cycles: 0xffffffff, max_idle_ns: 7645519600211568 ns
[    0.000000] setup_percpu: NR_CPUS:512 nr_cpumask_bits:512 nr_cpu_ids:2 nr_node_ids:1
[    0.000000] PERCPU: Embedded 34 pages/cpu @ffff88007fc00000 s99544 r8192 d31528 u1048576
[    0.000000] Built 1 zonelists in Node order, mobility grouping on.  Total pages: 515960
[    0.000000] Policy zone: DMA32
[    0.000000] Kernel command line: BOOT_IMAGE=/boot/vmlinuz-4.4.0-157-generic root=UUID=803a7da5-aa4e-4ca7-bfc1-40681fb9875c ro console=tty1 console=ttyS0
[    0.000000] PID hash table entries: 4096 (order: 3, 32768 bytes)
[    0.000000] Memory: 2029376K/2096696K available (8618K kernel code, 1335K rwdata, 4032K rodata, 1484K init, 1284K bss, 67320K reserved, 0K cma-reserved)
[    0.000000] SLUB: HWalign=64, Order=0-3, MinObjects=0, CPUs=2, Nodes=1
[    0.000000] Kernel/User page tables isolation: enabled
[    0.000000] Hierarchical RCU implementation.
[    0.000000] 	Build-time adjustment of leaf fanout to 64.
[    0.000000] 	RCU restricting CPUs from NR_CPUS=512 to nr_cpu_ids=2.
[    0.000000] RCU: Adjusting geometry for rcu_fanout_leaf=64, nr_cpu_ids=2
[    0.000000] NR_IRQS:33024 nr_irqs:440 16
[    0.000000] Console: colour VGA+ 80x25
[    0.000000] console [tty1] enabled
[    0.000000] console [ttyS0] enabled
[    0.000000] tsc: Detected 2593.994 MHz processor
[    0.162074] Calibrating delay loop (skipped) preset value.. 5187.98 BogoMIPS (lpj=10375976)
[    0.164244] pid_max: default: 32768 minimum: 301
[    0.165556] ACPI: Core revision 20150930
[    0.168085] ACPI: 2 ACPI AML tables successfully acquired and loaded
[    0.169831] Security Framework initialized
[    0.170840] Yama: becoming mindful.
[    0.171798] AppArmor: AppArmor initialized
[    0.173354] Dentry cache hash table entries: 262144 (order: 9, 2097152 bytes)
[    0.175550] Inode-cache hash table entries: 131072 (order: 8, 1048576 bytes)
[    0.177460] Mount-cache hash table entries: 4096 (order: 3, 32768 bytes)
[    0.178796] Mountpoint-cache hash table entries: 4096 (order: 3, 32768 bytes)
[    0.180364] Initializing cgroup subsys io
[    0.181724] Initializing cgroup subsys memory
[    0.182688] Initializing cgroup subsys devices
[    0.183628] Initializing cgroup subsys freezer
[    0.184908] Initializing cgroup subsys net_cls
[    0.186028] Initializing cgroup subsys perf_event
[    0.187103] Initializing cgroup subsys net_prio
[    0.188104] Initializing cgroup subsys hugetlb
[    0.188997] Initializing cgroup subsys pids
[    0.190974] mce: CPU supports 0 MCE banks
[    0.191855] Last level iTLB entries: 4KB 64, 2MB 8, 4MB 8
[    0.192764] Last level dTLB entries: 4KB 64, 2MB 0, 4MB 0, 1GB 4
[    0.193867] Spectre V2 : Mitigation: Full generic retpoline
[    0.194923] Spectre V2 : Spectre v2 / SpectreRSB mitigation: Filling RSB on context switch
[    0.196621] Speculative Store Bypass: Vulnerable
[    0.197817] MDS: Vulnerable: Clear CPU buffers attempted, no microcode
[    0.202509] Freeing SMP alternatives memory: 36K
[    0.210022] ftrace: allocating 32312 entries in 127 pages
[    0.272657] smpboot: APIC(0) Converting physical 0 to logical package 0
[    0.273972] smpboot: Max logical packages: 1
[    0.275239] x2apic enabled
[    0.276240] Switched APIC routing to physical x2apic.
[    0.278372] ..TIMER: vector=0x30 apic1=0 pin1=2 apic2=-1 pin2=-1
[    0.385814] APIC calibration not consistent with PM-Timer: 101ms instead of 100ms
[    0.387499] APIC delta adjusted to PM-Timer: 6250100 (6320624)
[    0.388667] smpboot: CPU0: Intel(R) Core(TM) i7-5600U CPU @ 2.60GHz (family: 0x6, model: 0x3d, stepping: 0x4)
[    0.390958] Performance Events: unsupported p6 CPU model 61 no PMU driver, software events only.
[    0.404195] KVM setup paravirtual spinlock
[    0.407045] x86: Booting SMP configuration:
[    0.408173] .... node  #0, CPUs:      #1
[    0.409340] kvm-clock: cpu 1, msr 0:7ffe3041, secondary cpu clock
[    0.411986] mce: CPU supports 0 MCE banks
[    0.414743] x86: Booted up 1 node, 2 CPUs
[    0.416430] smpboot: Total of 2 processors activated (10375.97 BogoMIPS)
[    0.418477] devtmpfs: initialized
[    0.421123] evm: security.selinux
[    0.422056] evm: security.SMACK64
[    0.423011] evm: security.SMACK64EXEC
[    0.423802] evm: security.SMACK64TRANSMUTE
[    0.424639] evm: security.SMACK64MMAP
[    0.425516] evm: security.ima
[    0.426352] evm: security.capability
[    0.427408] clocksource: jiffies: mask: 0xffffffff max_cycles: 0xffffffff, max_idle_ns: 7645041785100000 ns
[    0.429162] futex hash table entries: 512 (order: 3, 32768 bytes)
[    0.430434] pinctrl core: initialized pinctrl subsystem
[    0.432409] RTC time: 22:46:36, date: 07/29/19
[    0.433699] NET: Registered protocol family 16
[    0.445824] cpuidle: using governor ladder
[    0.457326] cpuidle: using governor menu
[    0.458382] PCCT header not found.
[    0.459204] ACPI: bus type PCI registered
[    0.460076] acpiphp: ACPI Hot Plug PCI Controller Driver version: 0.5
[    0.461565] PCI: Using configuration type 1 for base access
[    0.474262] ACPI: Added _OSI(Module Device)
[    0.475419] ACPI: Added _OSI(Processor Device)
[    0.476597] ACPI: Added _OSI(3.0 _SCP Extensions)
[    0.477796] ACPI: Added _OSI(Processor Aggregator Device)
[    0.480100] ACPI: Executed 1 blocks of module-level executable AML code
[    0.484613] ACPI: Interpreter enabled
[    0.485691] ACPI: (supports S0 S5)
[    0.486703] ACPI: Using IOAPIC for interrupt routing
[    0.487945] PCI: Using host bridge windows from ACPI; if necessary, use "pci=nocrs" and report a bug
[    0.495506] ACPI: PCI Root Bridge [PCI0] (domain 0000 [bus 00-ff])
[    0.496887] acpi PNP0A03:00: _OSC: OS supports [ASPM ClockPM Segments MSI]
[    0.499099] acpi PNP0A03:00: _OSC: not requesting OS control; OS requires [ExtendedConfig ASPM ClockPM MSI]
[    0.501044] acpi PNP0A03:00: fail to add MMCONFIG information, can't access extended PCI configuration space under this bridge.
[    0.503523] PCI host bridge to bus 0000:00
[    0.504411] pci_bus 0000:00: root bus resource [io  0x0000-0x0cf7 window]
[    0.505697] pci_bus 0000:00: root bus resource [io  0x0d00-0xffff window]
[    0.507120] pci_bus 0000:00: root bus resource [mem 0x000a0000-0x000bffff window]
[    0.508663] pci_bus 0000:00: root bus resource [mem 0x80000000-0xfdffffff window]
[    0.510254] pci_bus 0000:00: root bus resource [bus 00-ff]
[    0.513342] pci 0000:00:01.1: legacy IDE quirk: reg 0x10: [io  0x01f0-0x01f7]
[    0.515891] pci 0000:00:01.1: legacy IDE quirk: reg 0x14: [io  0x03f6]
[    0.517042] pci 0000:00:01.1: legacy IDE quirk: reg 0x18: [io  0x0170-0x0177]
[    0.518479] pci 0000:00:01.1: legacy IDE quirk: reg 0x1c: [io  0x0376]
[    0.559666] pci 0000:00:07.0: quirk: [io  0x4000-0x403f] claimed by PIIX4 ACPI
[    0.572388] pci 0000:00:07.0: quirk: [io  0x4100-0x410f] claimed by PIIX4 SMB
[    0.597934] ACPI: PCI Interrupt Link [LNKA] (IRQs 5 9 10 *11)
[    0.599808] ACPI: PCI Interrupt Link [LNKB] (IRQs 5 9 *10 11)
[    0.601241] ACPI: PCI Interrupt Link [LNKC] (IRQs 5 *9 10 11)
[    0.602750] ACPI: PCI Interrupt Link [LNKD] (IRQs 5 9 10 *11)
[    0.604180] ACPI: Enabled 2 GPEs in block 00 to 07
[    0.605433] vgaarb: setting as boot device: PCI:0000:00:02.0
[    0.606485] vgaarb: device added: PCI:0000:00:02.0,decodes=io+mem,owns=io+mem,locks=none
[    0.607954] vgaarb: loaded
[    0.608527] vgaarb: bridge control possible 0000:00:02.0
[    0.609710] SCSI subsystem initialized
[    0.610617] ACPI: bus type USB registered
[    0.611409] usbcore: registered new interface driver usbfs
[    0.612364] usbcore: registered new interface driver hub
[    0.613288] usbcore: registered new device driver usb
[    0.615409] PCI: Using ACPI for IRQ routing
[    0.616931] NetLabel: Initializing
[    0.617803] NetLabel:  domain hash size = 128
[    0.618595] NetLabel:  protocols = UNLABELED CIPSOv4
[    0.619492] NetLabel:  unlabeled traffic allowed by default
[    0.620591] amd_nb: Cannot enumerate AMD northbridges
[    0.621551] clocksource: Switched to clocksource kvm-clock
[    0.628942] AppArmor: AppArmor Filesystem Enabled
[    0.629913] pnp: PnP ACPI init
[    0.631767] pnp: PnP ACPI: found 3 devices
[    0.641549] clocksource: acpi_pm: mask: 0xffffff max_cycles: 0xffffff, max_idle_ns: 2085701024 ns
[    0.643261] NET: Registered protocol family 2
[    0.644165] TCP established hash table entries: 16384 (order: 5, 131072 bytes)
[    0.645552] TCP bind hash table entries: 16384 (order: 6, 262144 bytes)
[    0.646790] TCP: Hash tables configured (established 16384 bind 16384)
[    0.648503] UDP hash table entries: 1024 (order: 3, 32768 bytes)
[    0.649500] UDP-Lite hash table entries: 1024 (order: 3, 32768 bytes)
[    0.650640] NET: Registered protocol family 1
[    0.651456] pci 0000:00:00.0: Limiting direct PCI/PCI transfers
[    0.652436] pci 0000:00:01.0: Activating ISA DMA hang workarounds
[    0.653612] Unpacking initramfs...
[    0.880938] Freeing initrd memory: 15376K
[    0.882183] RAPL PMU detected, API unit is 2^-32 Joules, 4 fixed counters 10737418240 ms ovfl timer
[    0.884268] hw unit of domain pp0-core 2^-0 Joules
[    0.885333] hw unit of domain package 2^-0 Joules
[    0.886358] hw unit of domain dram 2^-0 Joules
[    0.887278] hw unit of domain pp1-gpu 2^-0 Joules
[    0.888175] clocksource: tsc: mask: 0xffffffffffffffff max_cycles: 0x256412811b4, max_idle_ns: 440795306987 ns
[    0.890300] platform rtc_cmos: registered platform RTC device (no PNP device found)
[    0.891991] Scanning for low memory corruption every 60 seconds
[    0.893753] audit: initializing netlink subsys (disabled)
[    0.894840] audit: type=2000 audit(1564518081.809:1): initialized
[    0.896272] Initialise system trusted keyring
[    0.897875] HugeTLB registered 2 MB page size, pre-allocated 0 pages
[    0.900380] zbud: loaded
[    0.901483] VFS: Disk quotas dquot_6.6.0
[    0.902389] VFS: Dquot-cache hash table entries: 512 (order 0, 4096 bytes)
[    0.904239] squashfs: version 4.0 (2009/01/31) Phillip Lougher
[    0.905924] fuse init (API version 7.23)
[    0.907086] Key type big_key registered
[    0.907811] Allocating IMA MOK and blacklist keyrings.
[    0.910047] Key type asymmetric registered
[    0.910958] Asymmetric key parser 'x509' registered
[    0.911998] Block layer SCSI generic (bsg) driver version 0.4 loaded (major 249)
[    0.913888] io scheduler noop registered
[    0.915058] io scheduler deadline registered (default)
[    0.915986] io scheduler cfq registered
[    0.917088] pci_hotplug: PCI Hot Plug PCI Core version: 0.5
[    0.918285] pciehp: PCI Express Hot Plug Controller Driver version: 0.4
[    0.919621] ACPI: AC Adapter [AC] (on-line)
[    0.920643] input: Power Button as /devices/LNXSYSTM:00/LNXPWRBN:00/input/input0
[    0.922294] ACPI: Power Button [PWRF]
[    0.923435] input: Sleep Button as /devices/LNXSYSTM:00/LNXSLPBN:00/input/input1
[    0.924969] ACPI: Sleep Button [SLPF]
[    0.926154] GHES: HEST is not enabled!
[    0.926978] ACPI: Battery Slot [BAT0] (battery present)
[    0.928328] Serial: 8250/16550 driver, 32 ports, IRQ sharing enabled
[    0.950069] 00:02: ttyS0 at I/O 0x3f8 (irq = 4, base_baud = 115200) is a 16550A
[    0.954455] Linux agpgart interface v0.103
[    0.957162] loop: module loaded
[    0.958365] scsi host0: ata_piix
[    0.959204] scsi host1: ata_piix
[    0.959866] ata1: PATA max UDMA/33 cmd 0x1f0 ctl 0x3f6 bmdma 0xd000 irq 14
[    0.960966] ata2: PATA max UDMA/33 cmd 0x170 ctl 0x376 bmdma 0xd008 irq 15
[    0.962217] libphy: Fixed MDIO Bus: probed
[    0.963160] tun: Universal TUN/TAP device driver, 1.6
[    0.964468] tun: (C) 1999-2004 Max Krasnyansky <maxk@qualcomm.com>
[    0.966231] PPP generic driver version 2.4.2
[    0.967470] ehci_hcd: USB 2.0 'Enhanced' Host Controller (EHCI) Driver
[    0.968541] ehci-pci: EHCI PCI platform driver
[    0.969490] ehci-platform: EHCI generic platform driver
[    0.970636] ohci_hcd: USB 1.1 'Open' Host Controller (OHCI) Driver
[    0.972003] ohci-pci: OHCI PCI platform driver
[    0.973886] ohci-platform: OHCI generic platform driver
[    0.975187] uhci_hcd: USB Universal Host Controller Interface driver
[    0.977003] i8042: PNP: PS/2 Controller [PNP0303:PS2K,PNP0f03:PS2M] at 0x60,0x64 irq 1,12
[    0.979391] serio: i8042 KBD port at 0x60,0x64 irq 1
[    0.980801] serio: i8042 AUX port at 0x60,0x64 irq 12
[    0.982314] mousedev: PS/2 mouse device common for all mice
[    0.984141] input: AT Translated Set 2 keyboard as /devices/platform/i8042/serio0/input/input2
[    0.987230] rtc_cmos rtc_cmos: rtc core: registered rtc_cmos as rtc0
[    0.988657] rtc_cmos rtc_cmos: alarms up to one day, 114 bytes nvram
[    0.990079] i2c /dev entries driver
[    0.991077] device-mapper: uevent: version 1.0.3
[    0.992291] device-mapper: ioctl: 4.34.0-ioctl (2015-10-28) initialised: dm-devel@redhat.com
[    0.994356] ledtrig-cpu: registered to indicate activity on CPUs
[    0.996104] NET: Registered protocol family 10
[    0.998048] NET: Registered protocol family 17
[    0.999319] Key type dns_resolver registered
[    1.000952] registered taskstats version 1
[    1.001935] Loading compiled-in X.509 certificates
[    1.003985] Loaded X.509 cert 'Build time autogenerated kernel key: 3e01e6df98386236d59670e6b2ed19a044d5324e'
[    1.006814] zswap: loaded using pool lzo/zbud
[    1.010163] Key type trusted registered
[    1.016449] Key type encrypted registered
[    1.017404] AppArmor: AppArmor sha1 policy hashing enabled
[    1.018556] ima: No TPM chip found, activating TPM-bypass!
[    1.019741] ima: Allocated hash algorithm: sha1
[    1.020908] evm: HMAC attrs: 0x1
[    1.022201]   Magic number: 11:756:806
[    1.023183] rtc_cmos rtc_cmos: setting system clock to 2019-07-29 22:46:36 UTC (1564440396)
[    1.025197] BIOS EDD facility v0.16 2004-Jun-25, 0 devices found
[    1.026707] EDD information not available.
[    1.119140] Freeing unused kernel memory: 1484K
[    1.120093] Write protecting the kernel read-only data: 14336k
[    1.121903] Freeing unused kernel memory: 1612K
[    1.123110] Freeing unused kernel memory: 64K
Loading, please wait...
starting version 229
[    1.139213] random: systemd-udevd: uninitialized urandom read (16 bytes read, 3 bits of entropy available)
[    1.146020] random: systemd-udevd: uninitialized urandom read (16 bytes read, 3 bits of entropy available)
[    1.148230] random: systemd-udevd: uninitialized urandom read (16 bytes read, 3 bits of entropy available)
[    1.150203] random: systemd-udevd: uninitialized urandom read (16 bytes read, 3 bits of entropy available)
[    1.151903] random: udevadm: uninitialized urandom read (16 bytes read, 3 bits of entropy available)
[    1.151926] random: udevadm: uninitialized urandom read (16 bytes read, 3 bits of entropy available)
[    1.160183] random: systemd-udevd: uninitialized urandom read (16 bytes read, 3 bits of entropy available)
[    1.162626] random: systemd-udevd: uninitialized urandom read (16 bytes read, 3 bits of entropy available)
[    1.164483] random: udevadm: uninitialized urandom read (16 bytes read, 3 bits of entropy available)
[    1.164528] random: udevadm: uninitialized urandom read (16 bytes read, 3 bits of entropy available)
[    1.217380] e1000: Intel(R) PRO/1000 Network Driver - version 7.3.21-k8-NAPI
[    1.218939] e1000: Copyright (c) 1999-2006 Intel Corporation.
[    1.243576] Fusion MPT base driver 3.04.20
[    1.244821] Copyright (c) 1999-2008 LSI Corporation
[    1.253120] Fusion MPT SPI Host driver 3.04.20
[    1.260325] AVX2 version of gcm_enc/dec engaged.
[    1.261771] AES CTR mode by8 optimization enabled
[    1.451711] input: ImExPS/2 Generic Explorer Mouse as /devices/platform/i8042/serio1/input/input4
[    1.630017] e1000 0000:00:03.0 eth0: (PCI:33MHz:32-bit) 02:dc:27:67:22:a8
[    1.631774] e1000 0000:00:03.0 eth0: Intel(R) PRO/1000 Network Connection
[    1.633764] mptbase: ioc0: Initiating bringup
[    1.697922] ioc0: LSI53C1030 A0: Capabilities={Initiator}
[    1.859314] scsi host2: ioc0: LSI53C1030 A0, FwRev=00000000h, Ports=1, MaxQ=256, IRQ=20
[    1.974873] scsi 2:0:0:0: Direct-Access     VBOX     HARDDISK         1.0  PQ: 0 ANSI: 5
[    1.976665] scsi target2:0:0: Beginning Domain Validation
[    1.980742] scsi target2:0:0: Domain Validation skipping write tests
[    1.982440] scsi target2:0:0: Ending Domain Validation
[    1.983789] scsi target2:0:0: asynchronous
[    1.985683] scsi 2:0:1:0: Direct-Access     VBOX     HARDDISK         1.0  PQ: 0 ANSI: 5
[    1.998679] scsi target2:0:1: Beginning Domain Validation
[    2.002433] scsi target2:0:1: Domain Validation skipping write tests
[    2.003787] scsi target2:0:1: Ending Domain Validation
[    2.005226] scsi target2:0:1: asynchronous
[    2.025447] sd 2:0:0:0: Attached scsi generic sg0 type 0
[    2.026906] sd 2:0:0:0: [sda] 20971520 512-byte logical blocks: (10.7 GB/10.0 GiB)
[    2.030028] sd 2:0:1:0: [sdb] 20480 512-byte logical blocks: (10.5 MB/10.0 MiB)
[    2.032132] sd 2:0:1:0: Attached scsi generic sg1 type 0
[    2.034133] sd 2:0:1:0: [sdb] Write Protect is off
[    2.035493] sd 2:0:0:0: [sda] Write Protect is off
[    2.037343] sd 2:0:1:0: [sdb] Incomplete mode parameter data
[    2.038762] sd 2:0:1:0: [sdb] Assuming drive cache: write through
[    2.040232] sd 2:0:0:0: [sda] Incomplete mode parameter data
[    2.041425] sd 2:0:0:0: [sda] Assuming drive cache: write through
[    2.053236]  sda: sda1
[    2.054879] sd 2:0:1:0: [sdb] Attached SCSI disk
[    2.056269] sd 2:0:0:0: [sda] Attached SCSI disk
[    2.370931] e1000 0000:00:08.0 eth1: (PCI:33MHz:32-bit) 08:00:27:5b:3f:61
[    2.372121] e1000 0000:00:08.0 eth1: Intel(R) PRO/1000 Network Connection
[    2.374462] e1000 0000:00:03.0 enp0s3: renamed from eth0
[    2.386656] e1000 0000:00:08.0 enp0s8: renamed from eth1
Begin: Loading essential drivers ... [    3.756800] md: linear personality registered for level -1
[    3.761466] md: multipath personality registered for level -4
[    3.766833] md: raid0 personality registered for level 0
[    3.772295] md: raid1 personality registered for level 1
[    3.846085] raid6: sse2x1   gen()  7791 MB/s
[    3.914011] raid6: sse2x1   xor()  6291 MB/s
[    3.982055] raid6: sse2x2   gen()  9920 MB/s
[    4.049607] raid6: sse2x2   xor()  6891 MB/s
[    4.117744] raid6: sse2x4   gen() 11955 MB/s
[    4.185734] raid6: sse2x4   xor()  8131 MB/s
[    4.253832] raid6: avx2x1   gen() 15673 MB/s
[    4.321855] raid6: avx2x2   gen() 18047 MB/s
[    4.389882] raid6: avx2x4   gen() 19581 MB/s
[    4.390907] raid6: using algorithm avx2x4 gen() 19581 MB/s
[    4.392029] raid6: using avx2x2 recovery algorithm
[    4.395438] xor: automatically using best checksumming function:
[    4.433858]    avx       : 23553.000 MB/sec
[    4.436393] async_tx: api initialized (async)
[    4.448438] md: raid6 personality registered for level 6
[    4.449853] md: raid5 personality registered for level 5
[    4.451267] md: raid4 personality registered for level 4
[    4.459582] md: raid10 personality registered for level 10
done.
Begin: Running /scripts/init-premount ... done.
Begin: Mounting root file system ... Begin: Running /scripts/local-top ... done.
Begin: Running /scripts/local-premount ... [    4.495683] Btrfs loaded
Scanning for Btrfs filesystems
done.
Warning: fsck not present, so skipping root file system
[    4.541731] EXT4-fs (sda1): mounted filesystem with ordered data mode. Opts: (null)
done.
Begin: Running /scripts/local-bottom ... done.
Begin: Running /scripts/init-bottom ... done.
[    4.693677] systemd[1]: systemd 229 running in system mode. (+PAM +AUDIT +SELINUX +IMA +APPARMOR +SMACK +SYSVINIT +UTMP +LIBCRYPTSETUP +GCRYPT +GNUTLS +ACL +XZ -LZ4 +SECCOMP +BLKID +ELFUTILS +KMOD -IDN)
[    4.697831] systemd[1]: Detected virtualization oracle.
[    4.698885] systemd[1]: Detected architecture x86-64.

Welcome to [1mUbuntu 16.04.6 LTS[0m!

[    4.706424] systemd[1]: Set hostname to <ubuntu-agent>.
[    4.870344] systemd[1]: Listening on LVM2 poll daemon socket.
[[0;32m  OK  [0m] Listening on LVM2 poll daemon socket.
[    4.872353] systemd[1]: Reached target User and Group Name Lookups.
[[0;32m  OK  [0m] Reached target User and Group Name Lookups.
[    4.874555] systemd[1]: Listening on /dev/initctl Compatibility Named Pipe.
[[0;32m  OK  [0m] Listening on /dev/initctl Compatibility Named Pipe.
[    4.876986] systemd[1]: Reached target Encrypted Volumes.
[[0;32m  OK  [0m] Reached target Encrypted Volumes.
[    4.878861] systemd[1]: Reached target Swap.
[[0;32m  OK  [0m] Reached target Swap.
[    4.880354] systemd[1]: Listening on udev Kernel Socket.
[[0;32m  OK  [0m] Listening on udev Kernel Socket.
[    4.882439] systemd[1]: Reached target System Time Synchronized.
[[0;32m  OK  [0m] Reached target System Time Synchronized.
[    4.884873] systemd[1]: Listening on Device-mapper event daemon FIFOs.
[[0;32m  OK  [0m] Listening on Device-mapper event daemon FIFOs.
[    4.887617] systemd[1]: Created slice System Slice.
[[0;32m  OK  [0m] Created slice System Slice.
[    4.889353] systemd[1]: Listening on LVM2 metadata daemon socket.
[[0;32m  OK  [0m] Listening on LVM2 metadata daemon socket.
[    4.891689] systemd[1]: Started Trigger resolvconf update for networkd DNS.
[[0;32m  OK  [0m] Started Trigger resolvconf update for networkd DNS.
[    4.894369] systemd[1]: Created slice system-serial\x2dgetty.slice.
[[0;32m  OK  [0m] Created slice system-serial\x2dgetty.slice.
[    4.896673] systemd[1]: Listening on Syslog Socket.
[[0;32m  OK  [0m] Listening on Syslog Socket.
[    4.906329] systemd[1]: Started Forward Password Requests to Wall Directory Watch.
[[0;32m  OK  [0m] Started Forward Password Requests to Wall Directory Watch.
[    4.909897] systemd[1]: Listening on udev Control Socket.
[[0;32m  OK  [0m] Listening on udev Control Socket.
[    4.912724] systemd[1]: Listening on Journal Audit Socket.
[[0;32m  OK  [0m] Listening on Journal Audit Socket.
[    4.922011] systemd[1]: Listening on Journal Socket.
[[0;32m  OK  [0m] Listening on Journal Socket.
[    4.937897] systemd[1]: Starting Uncomplicated firewall...
         Starting Uncomplicated firewall...
[    4.941307] systemd[1]: Starting Remount Root and Kernel File Systems...
         Starting Remount Root and Kernel File Systems...
[    4.945566] systemd[1]: Mounting Debug File System...
         Mounting Debug File System...
[    4.950518] systemd[1]: Starting Nameserver information manager...
         Starting Nameserver information manager...
[    4.954151] systemd[1]: Starting Monitoring of LVM2 mirrors, snapshots etc. using dmeventd or progress polling...
         Starting Monitoring of LVM2 mirrors... dmeventd or progress polling...
[    4.959263] systemd[1]: Starting Set console keymap...
         Starting Set console keymap...
[    4.963625] systemd[1]: Mounting POSIX Message Queue File System...
         Mounting POSIX Message Queue File System...
[    4.969901] systemd[1]: Starting Load Kernel Modules...
         Starting Load Kernel Modules...
[    4.975733] systemd[1]: Mounting Huge Pages File System...
         [    4.980278] EXT4-fs (sda1): re-mounted. Opts: (null)
Mounting Huge Pages File System...
[    4.984209] systemd[1]: Starting Create list of required static device nodes for the current kernel...
         Starting Create list of required st... nodes for the current kernel...
[    4.989184] Loading iSCSI transport class v2.0-870.
[    4.990526] systemd[1]: Set up automount Arbitrary Executable File Formats File System Automount Point.
[[0;32m  OK  [0m] Set up automount Arbitrary Executab...ats File System Automount Point.
[    4.998016] systemd[1]: Listening on Journal Socket (/dev/log).
[[0;32m  OK  [0m] Listening on Journal Socket (/dev/log).
[    5.005533] iscsi: registered transport (tcp)
[    5.021878] systemd[1]: Starting Journal Service...
         Starting Journal Service...
[    5.025430] systemd[1]: Created slice User and Session Slice.
[[0;32m  OK  [0m] Created slice User and Session Slice.
[    5.033680] systemd[1]: Reached target Slices.
[[0;32m  OK  [0m] Reached target Slices.
[    5.038532] systemd[1]: Mounted POSIX Message Queue File System.
[[0;32m  OK  [0m] Mounted POSIX Message Queue File System.
[    5.043110] systemd[1]: Mounted Debug File System.
[[0;32m  OK  [0m] Mounted Debug File System.
[    5.046108] systemd[1]: Mounted Huge Pages File System.
[[0;32m  OK  [0m] Mounted Huge Pages File System.
[    5.058367] systemd[1]: Started Uncomplicated firewall.
[[0;32m  OK  [0m] Started Uncomplicated firewall.
[    5.063221] systemd[1]: Started Remount Root and Kernel File Systems.
[[0;32m  OK  [0m] Started Remount Root and Kernel File Systems.
[    5.072718] iscsi: registered transport (iser)
[    5.091347] systemd[1]: Started Set console keymap.
[[0;32m  OK  [0m] Started Set console keymap.
[    5.097553] systemd[1]: Started Load Kernel Modules.
[[0;32m  OK  [0m] Started Load Kernel Modules.
[    5.105542] systemd[1]: Started Create list of required static device nodes for the current kernel.
[[0;32m  OK  [0m] Started Create list of required sta...ce nodes for the current kernel.
[    5.110352] systemd[1]: Started Nameserver information manager.
[[0;32m  OK  [0m] Started Nameserver information manager.
[    5.119945] systemd[1]: Started Journal Service.
[[0;32m  OK  [0m] Started Journal Service.
[[0;32m  OK  [0m] Started LVM2 metadata daemon.
         Starting Create Static Device Nodes in /dev...
         Mounting FUSE Control File System...
         Starting Apply Kernel Variables...
         Starting udev Coldplug all Devices...
         Starting Load/Save Random Seed...
         Starting Flush Journal to Persistent Storage...
[[0;32m  OK  [0m] Mounted FUSE Control File System.
[[0;32m  OK  [0m] Started Apply Kernel Variables.
[[0;32m  OK  [0m] Started Load/Save Random Seed.
[[0;32m  OK  [0m] Started Create Static Device Nodes in /dev.
[[0;32m  OK  [0m] Started Flush Journal to Persistent Storage.
         Starting udev Kernel Device Manager...
[[0;32m  OK  [0m] Started udev Coldplug all Devices.
[[0;32m  OK  [0m] Started udev Kernel Device Manager.
[[0;32m  OK  [0m] Started Dispatch Password Requests to Console Directory Watch.
[[0;32m  OK  [0m] Found device /dev/ttyS0.
[[0;32m  OK  [0m] Found device 82540EM Gigabit Ethern...r (PRO/1000 MT Desktop Adapter).
[[0;32m  OK  [0m] Found device 82540EM Gigabit Ethern...r (PRO/1000 MT Desktop Adapter).
[[0;32m  OK  [0m] Listening on Load/Save RF Kill Switch Status /dev/rfkill Watch.
[[0;32m  OK  [0m] Started Monitoring of LVM2 mirrors,...ng dmeventd or progress polling.
[[0;32m  OK  [0m] Reached target Local File Systems (Pre).
[[0;32m  OK  [0m] Reached target Local File Systems.
         Starting Tell Plymouth To Write Out Runtime Data...
         Starting Set console font and keymap...
         Starting Initial cloud-init job (pre-networking)...
         Starting Create Volatile Files and Directories...
         Starting LSB: AppArmor initialization...
[[0;32m  OK  [0m] Started Tell Plymouth To Write Out Runtime Data.
[[0;32m  OK  [0m] Started Create Volatile Files and Directories.
         Starting Update UTMP about System Boot/Shutdown...
[[0;32m  OK  [0m] Started Update UTMP about System Boot/Shutdown.
[[0;32m  OK  [0m] Started LSB: AppArmor initialization.
[[0;32m  OK  [0m] Started Set console font and keymap.
[[0;32m  OK  [0m] Created slice system-getty.slice.
[    6.762756] cloud-init[561]: Cloud-init v. 19.1-1-gbaa47854-0ubuntu1~16.04.1 running 'init-local' at Mon, 29 Jul 2019 22:46:42 +0000. Up 6.33 seconds.
[[0;32m  OK  [0m] Started Initial cloud-init job (pre-networking).
[[0;32m  OK  [0m] Reached target Network (Pre).
[[0;32m  OK  [0m] Started ifup for enp0s3.
[[0;32m  OK  [0m] Started ifup for enp0s8.
         Starting Raise network interfaces...
[[0;32m  OK  [0m] Started Raise network interfaces.
[[0;32m  OK  [0m] Reached target Network.
         Starting Initial cloud-init job (metadata service crawler)...
[    7.730528] cloud-init[1077]: Cloud-init v. 19.1-1-gbaa47854-0ubuntu1~16.04.1 running 'init' at Mon, 29 Jul 2019 22:46:43 +0000. Up 7.42 seconds.
[    7.732669] cloud-init[1077]: ci-info: ++++++++++++++++++++++++++++++++++++++Net device info+++++++++++++++++++++++++++++++++++++++
[    7.734793] cloud-init[1077]: ci-info: +--------+------+-----------------------------+---------------+--------+-------------------+
[    7.736608] cloud-init[1077]: ci-info: | Device |  Up  |           Address           |      Mask     | Scope  |     Hw-Address    |
[    7.738194] cloud-init[1077]: ci-info: +--------+------+-----------------------------+---------------+--------+-------------------+
[    7.740033] cloud-init[1077]: ci-info: | enp0s3 | True |          10.0.2.15          | 255.255.255.0 | global | 02:dc:27:67:22:a8 |
[    7.742065] cloud-init[1077]: ci-info: | enp0s3 | True |  fe80::dc:27ff:fe67:22a8/64 |       .       |  link  | 02:dc:27:67:22:a8 |
[    7.744722] cloud-init[1077]: ci-info: | enp0s8 | True |        192.168.33.12        | 255.255.255.0 | global | 08:00:27:5b:3f:61 |
[    7.746777] cloud-init[1077]: ci-info: | enp0s8 | True | fe80::a00:27ff:fe5b:3f61/64 |       .       |  link  | 08:00:27:5b:3f:61 |
[    7.752359] cloud-init[1077]: ci-info: |   lo   | True |          127.0.0.1          |   255.0.0.0   |  host  |         .         |
[    7.754363] cloud-init[1077]: ci-info: |   lo   | True |           ::1/128           |       .       |  host  |         .         |
[    7.756659] cloud-init[1077]: ci-info: +--------+------+-----------------------------+---------------+--------+-------------------+
[    7.758705] cloud-init[1077]: ci-info: ++++++++++++++++++++++++++++Route IPv4 info++++++++++++++++++++++++++++
[    7.761247] cloud-init[1077]: ci-info: +-------+--------------+----------+---------------+-----------+-------+
[    7.763096] cloud-init[1077]: ci-info: | Route | Destination  | Gateway  |    Genmask    | Interface | Flags |
[    7.764824] cloud-init[1077]: ci-info: +-------+--------------+----------+---------------+-----------+-------+
[    7.772932] cloud-init[1077]: ci-info: |   0   |   0.0.0.0    | 10.0.2.2 |    0.0.0.0    |   enp0s3  |   UG  |
[    7.774756] cloud-init[1077]: ci-info: |   1   |   10.0.2.0   | 0.0.0.0  | 255.255.255.0 |   enp0s3  |   U   |
[    7.776644] cloud-init[1077]: ci-info: |   2   | 192.168.33.0 | 0.0.0.0  | 255.255.255.0 |   enp0s8  |   U   |
[    7.778457] cloud-init[1077]: ci-info: +-------+--------------+----------+---------------+-----------+-------+
[    7.780263] cloud-init[1077]: ci-info: +++++++++++++++++++Route IPv6 info+++++++++++++++++++
[    7.781845] cloud-init[1077]: ci-info: +-------+-------------+---------+-----------+-------+
[    7.783360] cloud-init[1077]: ci-info: | Route | Destination | Gateway | Interface | Flags |
[    7.784933] cloud-init[1077]: ci-info: +-------+-------------+---------+-----------+-------+
[    7.793206] cloud-init[1077]: ci-info: |   0   |  fe80::/64  |    ::   |   enp0s8  |   U   |
[    7.794511] cloud-init[1077]: ci-info: |   1   |  fe80::/64  |    ::   |   enp0s3  |   U   |
[    7.796116] cloud-init[1077]: ci-info: |   4   |   ff00::/8  |    ::   |   enp0s8  |   U   |
[    7.797823] cloud-init[1077]: ci-info: |   5   |   ff00::/8  |    ::   |   enp0s3  |   U   |
[    7.799382] cloud-init[1077]: ci-info: +-------+-------------+---------+-----------+-------+
[[0;32m  OK  [0m] Started Initial cloud-init job (metadata service crawler).
[[0;32m  OK  [0m] Reached target System Initialization.
         Starting LXD - unix socket.
[[0;32m  OK  [0m] Started ACPI Events Check.
[[0;32m  OK  [0m] Reached target Paths.
[[0;32m  OK  [0m] Listening on UUID daemon activation socket.
[[0;32m  OK  [0m] Started Daily apt download activities.
[[0;32m  OK  [0m] Started Daily apt upgrade and clean activities.
[[0;32m  OK  [0m] Listening on ACPID Listen Socket.
         Starting Socket activation for snappy daemon.
[[0;32m  OK  [0m] Listening on D-Bus System Message Bus Socket.
[[0;32m  OK  [0m] Started Daily Cleanup of Temporary Directories.
[[0;32m  OK  [0m] Reached target Timers.
[[0;32m  OK  [0m] Reached target Cloud-config availability.
[[0;32m  OK  [0m] Reached target Network is Online.
         Starting iSCSI initiator daemon (iscsid)...
[[0;32m  OK  [0m] Listening on LXD - unix socket.
[[0;32m  OK  [0m] Listening on Socket activation for snappy daemon.
[[0;32m  OK  [0m] Started iSCSI initiator daemon (iscsid).
         Starting Login to default iSCSI targets...
[[0;32m  OK  [0m] Reached target Sockets.
[[0;32m  OK  [0m] Reached target Basic System.
         Starting LSB: MD monitoring daemon...
         Starting Login Service...
[[0;32m  OK  [0m] Started D-Bus System Message Bus.
         Starting System Logging Service...
         Starting /etc/rc.local Compatibility...
[[0;32m  OK  [0m] Started ACPI event daemon.
         Starting OpenBSD Secure Shell server...
         Starting Snappy daemon...
[[0;32m  OK  [0m] Started FUSE filesystem for LXC.
         Starting LXD - container startup/shutdown...
         Starting Virtualbox guest utils...
[[0;32m  OK  [0m] Started Regular background program processing daemon.
         Starting LSB: Record successful boot for GRUB...
         Starting Accounts Service...
[[0;32m  OK  [0m] Started Deferred execution scheduler.
[[0;32m  OK  [0m] Started /etc/rc.local Compatibility.
[[0;32m  OK  [0m] Started System Logging Service.
[[0;32m  OK  [0m] Started Login to default iSCSI targets.
[[0;32m  OK  [0m] Started LSB: MD monitoring daemon.
[[0;32m  OK  [0m] Started OpenBSD Secure Shell server.
[[0;32m  OK  [0m] Started Login Service.
[[0;32m  OK  [0m] Started Unattended Upgrades Shutdown.
         Starting Authenticate and Authorize Users to Run Privileged Tasks...
[[0;32m  OK  [0m] Reached target Remote File Systems (Pre).
[[0;32m  OK  [0m] Reached target Remote File Systems.
         Starting LSB: Set the CPU Frequency Scaling governor to "ondemand"...
         Starting LSB: daemon to balance interrupts for SMP systems...
         Starting LSB: automatic crash report generation...
         Starting Permit User Sessions...
[[0;32m  OK  [0m] Started LSB: Record successful boot for GRUB.
[[0;32m  OK  [0m] Started Permit User Sessions.
         Starting Hold until boot process finishes up...
         Starting Terminate Plymouth Boot Screen...
[[0;32m  OK  [0m] Started LXD - container startup/shutdown.
[[0;32m  OK  [0m] Started Hold until boot process finishes up.
[[0;32m  OK  [0m] Started Terminate Plymouth Boot Screen.
[[0;32m  OK  [0m] Started Authenticate and Authorize Users to Run Privileged Tasks.
[[0;32m  OK  [0m] Started Accounts Service.
         Starting Set console scheme...
[[0;32m  OK  [0m] Started Getty on tty1.
[[0;32m  OK  [0m] Started Serial Getty on ttyS0.
[[0;32m  OK  [0m] Reached target Login Prompts.
[[0;32m  OK  [0m] Started Virtualbox guest utils.
[[0;32m  OK  [0m] Started LSB: Set the CPU Frequency Scaling governor to "ondemand".
[[0;32m  OK  [0m] Started LSB: automatic crash report generation.
[[0;32m  OK  [0m] Started Set console scheme.
[[0;32m  OK  [0m] Started LSB: daemon to balance interrupts for SMP systems.
[[0;32m  OK  [0m] Started Snappy daemon.
         Starting Wait until snapd is fully seeded...
[[0;32m  OK  [0m] Started Wait until snapd is fully seeded.
[[0;32m  OK  [0m] Reached target Multi-User System.
[[0;32m  OK  [0m] Reached target Graphical Interface.
         Starting Update UTMP about System Runlevel Changes...
         Starting Apply the settings specified in cloud-config...
[[0;32m  OK  [0m] Started Update UTMP about System Runlevel Changes.
[    9.208006] cloud-init[1342]: Cloud-init v. 19.1-1-gbaa47854-0ubuntu1~16.04.1 running 'modules:config' at Tue, 30 Jul 2019 16:25:01 +0000. Up 9.06 seconds.
[[0;32m  OK  [0m] Started Apply the settings specified in cloud-config.
         Starting Execute cloud user/final scripts...
[    9.828364] cloud-init[1354]: Cloud-init v. 19.1-1-gbaa47854-0ubuntu1~16.04.1 running 'modules:final' at Tue, 30 Jul 2019 16:25:02 +0000. Up 9.68 seconds.
[    9.830797] cloud-init[1354]: Cloud-init v. 19.1-1-gbaa47854-0ubuntu1~16.04.1 finished at Tue, 30 Jul 2019 16:25:02 +0000. Datasource DataSourceNoCloud [seed=/dev/sdb][dsmode=net].  Up 9.82 seconds
[[0;32m  OK  [0m] Started Execute cloud user/final scripts.
         Starting Daily apt download activities...
[[0;32m  OK  [0m] Reached target Cloud-init target.

Ubuntu 16.04.6 LTS ubuntu-agent ttyS0

ubuntu-agent login: [[0;32m  OK  [0m] Stopped target Graphical Interface.
         Stopping Accounts Service...
[[0;32m  OK  [0m] Closed Load/Save RF Kill Switch Status /dev/rfkill Watch.
         Stopping ACPI event daemon...
         Stopping Authenticate and Authorize Users to Run Privileged Tasks...
[[0;32m  OK  [0m] Stopped target Timers.
[[0;32m  OK  [0m] Stopped Daily Cleanup of Temporary Directories.
[[0;32m  OK  [0m] Stopped Daily apt upgrade and clean activities.
[[0;32m  OK  [0m] Stopped Daily apt download activities.
[[0;32m  OK  [0m] Stopped target System Time Synchronized.
[[0;32m  OK  [0m] Stopped target Cloud-init target.
[[0;32m  OK  [0m] Stopped Execute cloud user/final scripts.
[[0;32m  OK  [0m] Stopped target Multi-User System.
         Stopping Deferred execution scheduler...
         Stopping OpenBSD Secure Shell server...
         Stopping Login Service...
         Stopping LSB: Record successful boot for GRUB...
         Stopping LSB: automatic crash report generation...
         Stopping Regular background program processing daemon...
         Stopping D-Bus System Message Bus...
         Stopping LSB: Set the CPU Frequency Scaling governor to "ondemand"...
         Stopping FUSE filesystem for LXC...
[[0;32m  OK  [0m] Stopped target Login Prompts.
         Stopping Getty on tty1...
         Stopping Serial Getty on ttyS0...
         Stopping LSB: MD monitoring daemon...
         Stopping Virtualbox guest utils...
         Stopping LSB: daemon to balance interrupts for SMP systems...
         Stopping System Logging Service...
         Stopping LXD - container startup/shutdown...
[[0;32m  OK  [0m] Stopped Apply the settings specified in cloud-config.
[[0;32m  OK  [0m] Stopped target Cloud-config availability.
[[0;32m  OK  [0m] Stopped Wait until snapd is fully seeded.
[[0;32m  OK  [0m] Unmounted /var/lib/lxcfs.
[[0;32m  OK  [0m] Stopped System Logging Service.
[[0;32m  OK  [0m] Stopped ACPI event daemon.
[[0;32m  OK  [0m] Stopped Login Service.
[[0;32m  OK  [0m] Stopped Regular background program processing daemon.
[[0;32m  OK  [0m] Stopped Accounts Service.
[[0;32m  OK  [0m] Stopped Deferred execution scheduler.
[[0;32m  OK  [0m] Stopped OpenBSD Secure Shell server.
[[0;32m  OK  [0m] Stopped Authenticate and Authorize Users to Run Privileged Tasks.
[[0;32m  OK  [0m] Stopped Getty on tty1.
[[0;32m  OK  [0m] Stopped Serial Getty on ttyS0.
[[0;32m  OK  [0m] Stopped D-Bus System Message Bus.
[[0;32m  OK  [0m] Stopped FUSE filesystem for LXC.
[[0;32m  OK  [0m] Stopped LSB: Set the CPU Frequency Scaling governor to "ondemand".
[[0;32m  OK  [0m] Stopped LSB: automatic crash report generation.
[[0;32m  OK  [0m] Stopped LSB: MD monitoring daemon.
[[0;32m  OK  [0m] Stopped LSB: Record successful boot for GRUB.
[[0;32m  OK  [0m] Stopped LSB: daemon to balance interrupts for SMP systems.
[[0;32m  OK  [0m] Stopped LXD - container startup/shutdown.
[[0;32m  OK  [0m] Stopped Virtualbox guest utils.
[[0;32m  OK  [0m] Removed slice system-serial\x2dgetty.slice.
[[0;32m  OK  [0m] Removed slice system-getty.slice.
[[0;32m  OK  [0m] Stopped /etc/rc.local Compatibility.
         Stopping Permit User Sessions...
[[0;32m  OK  [0m] Reached target Unmount All Filesystems.
[[0;32m  OK  [0m] Stopped Permit User Sessions.
[[0;32m  OK  [0m] Stopped target Basic System.
[[0;32m  OK  [0m] Stopped target Paths.
[[0;32m  OK  [0m] Stopped Forward Password Requests to Wall Directory Watch.
[[0;32m  OK  [0m] Stopped Dispatch Password Requests to Console Directory Watch.
[[0;32m  OK  [0m] Stopped ACPI Events Check.
[[0;32m  OK  [0m] Stopped target Slices.
[[0;32m  OK  [0m] Removed slice User and Session Slice.
[[0;32m  OK  [0m] Stopped target Sockets.
[[0;32m  OK  [0m] Closed Syslog Socket.
[[0;32m  OK  [0m] Closed LXD - unix socket.
[[0;32m  OK  [0m] Closed D-Bus System Message Bus Socket.
[[0;32m  OK  [0m] Closed Socket activation for snappy daemon.
[[0;32m  OK  [0m] Closed UUID daemon activation socket.
[[0;32m  OK  [0m] Closed ACPID Listen Socket.
[[0;32m  OK  [0m] Stopped target System Initialization.
[[0;32m  OK  [0m] Stopped Create Volatile Files and Directories.
         Stopping Load/Save Random Seed...
[[0;32m  OK  [0m] Stopped target Encrypted Volumes.
[[0;32m  OK  [0m] Stopped target Swap.
[[0;32m  OK  [0m] Stopped target User and Group Name Lookups.
[[0;32m  OK  [0m] Stopped target Remote File Systems.
[[0;32m  OK  [0m] Stopped target Remote File Systems (Pre).
         Stopping Login to default iSCSI targets...
[[0;32m  OK  [0m] Stopped Load/Save Random Seed.
[[0;32m  OK  [0m] Stopped Login to default iSCSI targets.
         Stopping iSCSI initiator daemon (iscsid)...
[[0;32m  OK  [0m] Stopped iSCSI initiator daemon (iscsid).
[[0;32m  OK  [0m] Stopped target Network is Online.
[[0;32m  OK  [0m] Stopped Initial cloud-init job (metadata service crawler).
[[0;32m  OK  [0m] Stopped target Network.
         Stopping Raise network interfaces...
[[0;32m  OK  [0m] Stopped Raise network interfaces.
[[0;32m  OK  [0m] Stopped target Network (Pre).
[[0;32m  OK  [0m] Stopped Initial cloud-init job (pre-networking).
[[0;32m  OK  [0m] Stopped Apply Kernel Variables.
[[0;32m  OK  [0m] Stopped Load Kernel Modules.
[[0;32m  OK  [0m] Stopped target Local File Systems.
[[0;32m  OK  [0m] Stopped target Local File Systems (Pre).
[[0;32m  OK  [0m] Stopped Create Static Device Nodes in /dev.
         Stopping Monitoring of LVM2 mirrors... dmeventd or progress polling...
[[0;32m  OK  [0m] Stopped Remount Root and Kernel File Systems.
[[0;32m  OK  [0m] Reached target Shutdown.
[15144.215233] reboot: Power down
